Running: C:\Xilinx\14.7\ISE_DS\ISE\bin\nt\unwrapped\fuse.exe -intstyle ise -incremental -lib secureip -o C:/Windows/System32/encoder/encoder_testbench_isim_beh.exe -prj C:/Windows/System32/encoder/encoder_testbench_beh.prj work.encoder_testbench 
ISim P.20131013 (signature 0x8ef4fb42)
Number of CPUs detected in this system: 4
Turning on mult-threading, number of parallel sub-compilation jobs: 8 
Determining compilation order of HDL files
Parsing VHDL file "C:/Windows/System32/encoder/encoder.vhd" into library work
Parsing VHDL file "C:/Windows/System32/encoder/encoder_testbench.vhd" into library work
Starting static elaboration
Completed static elaboration
Fuse Memory Usage: 161172 KB
Fuse CPU Usage: 249 ms
Compiling package standard
Compiling package std_logic_1164
Compiling architecture behavioral of entity encoder [encoder_default]
Compiling architecture behavior of entity encoder_testbench
Time Resolution for simulation is 1ps.
Waiting for 1 sub-compilation(s) to finish...
Compiled 5 VHDL Units
Built simulation executable C:/Windows/System32/encoder/encoder_testbench_isim_beh.exe
Fuse Memory Usage: 169976 KB
Fuse CPU Usage: 281 ms
