Release 14.7 - xst P.20131013 (nt)
Copyright (c) 1995-2013 Xilinx, Inc.  All rights reserved.
--> Parameter TMPDIR set to xst/projnav.tmp


Total REAL time to Xst completion: 1.00 secs
Total CPU time to Xst completion: 0.09 secs
 
--> Parameter xsthdpdir set to xst


Total REAL time to Xst completion: 1.00 secs
Total CPU time to Xst completion: 0.09 secs
 
--> Reading design: ALU.prj

TABLE OF CONTENTS
  1) Synthesis Options Summary
  2) HDL Parsing
  3) HDL Elaboration
  4) HDL Synthesis
       4.1) HDL Synthesis Report
  5) Advanced HDL Synthesis
       5.1) Advanced HDL Synthesis Report
  6) Low Level Synthesis
  7) Partition Report
  8) Design Summary
       8.1) Primitive and Black Box Usage
       8.2) Device utilization summary
       8.3) Partition Resource Summary
       8.4) Timing Report
            8.4.1) Clock Information
            8.4.2) Asynchronous Control Signals Information
            8.4.3) Timing Summary
            8.4.4) Timing Details
            8.4.5) Cross Clock Domains Report


=========================================================================
*                      Synthesis Options Summary                        *
=========================================================================
---- Source Parameters
Input File Name                    : "ALU.prj"
Ignore Synthesis Constraint File   : NO

---- Target Parameters
Output File Name                   : "ALU"
Output Format                      : NGC
Target Device                      : xc7a100t-3-csg324

---- Source Options
Top Module Name                    : ALU
Automatic FSM Extraction           : YES
FSM Encoding Algorithm             : Auto
Safe Implementation                : No
FSM Style                          : LUT
RAM Extraction                     : Yes
RAM Style                          : Auto
ROM Extraction                     : Yes
Shift Register Extraction          : YES
ROM Style                          : Auto
Resource Sharing                   : YES
Asynchronous To Synchronous        : NO
Shift Register Minimum Size        : 2
Use DSP Block                      : Auto
Automatic Register Balancing       : No

---- Target Options
LUT Combining                      : Auto
Reduce Control Sets                : Auto
Add IO Buffers                     : YES
Global Maximum Fanout              : 100000
Add Generic Clock Buffer(BUFG)     : 32
Register Duplication               : YES
Optimize Instantiated Primitives   : NO
Use Clock Enable                   : Auto
Use Synchronous Set                : Auto
Use Synchronous Reset              : Auto
Pack IO Registers into IOBs        : Auto
Equivalent register Removal        : YES

---- General Options
Optimization Goal                  : Speed
Optimization Effort                : 1
Power Reduction                    : NO
Keep Hierarchy                     : No
Netlist Hierarchy                  : As_Optimized
RTL Output                         : Yes
Global Optimization                : AllClockNets
Read Cores                         : YES
Write Timing Constraints           : NO
Cross Clock Analysis               : NO
Hierarchy Separator                : /
Bus Delimiter                      : <>
Case Specifier                     : Maintain
Slice Utilization Ratio            : 100
BRAM Utilization Ratio             : 100
DSP48 Utilization Ratio            : 100
Auto BRAM Packing                  : NO
Slice Utilization Ratio Delta      : 5

=========================================================================


=========================================================================
*                          HDL Parsing                                  *
=========================================================================
Parsing VHDL file "D:\Arthimitic_logic_unit\ALU.vhd" into library work
Parsing entity <ALU>.
Parsing architecture <Behavioral> of entity <alu>.

=========================================================================
*                            HDL Elaboration                            *
=========================================================================

Elaborating entity <ALU> (architecture <Behavioral>) with generics from library <work>.
WARNING:HDLCompiler:92 - "D:\Arthimitic_logic_unit\ALU.vhd" Line 79: equal should be on the sensitivity list of the process
WARNING:HDLCompiler:92 - "D:\Arthimitic_logic_unit\ALU.vhd" Line 80: greater should be on the sensitivity list of the process
WARNING:HDLCompiler:92 - "D:\Arthimitic_logic_unit\ALU.vhd" Line 81: less should be on the sensitivity list of the process

=========================================================================
*                           HDL Synthesis                               *
=========================================================================

Synthesizing Unit <ALU>.
    Related source file is "D:\Arthimitic_logic_unit\ALU.vhd".
        n = 4
    Found 5-bit adder for signal <A[4]_B[4]_add_2_OUT> created at line 70.
    Found 5-bit subtractor for signal <GND_4_o_GND_4_o_sub_4_OUT<4:0>> created at line 71.
    Found 5-bit 12-to-1 multiplexer for signal <result> created at line 69.
WARNING:Xst:737 - Found 1-bit latch for signal <result<3>>. Latches may be generated from incomplete case or if statements. We do not recommend the use of latches in FPGA/CPLD designs, as they may lead to timing problems.
WARNING:Xst:737 - Found 1-bit latch for signal <result<2>>. Latches may be generated from incomplete case or if statements. We do not recommend the use of latches in FPGA/CPLD designs, as they may lead to timing problems.
WARNING:Xst:737 - Found 1-bit latch for signal <result<1>>. Latches may be generated from incomplete case or if statements. We do not recommend the use of latches in FPGA/CPLD designs, as they may lead to timing problems.
WARNING:Xst:737 - Found 1-bit latch for signal <result<4>>. Latches may be generated from incomplete case or if statements. We do not recommend the use of latches in FPGA/CPLD designs, as they may lead to timing problems.
    Found 5-bit comparator greater for signal <greater> created at line 49
    Found 5-bit comparator greater for signal <B[4]_A[4]_LessThan_2_o> created at line 53
    Summary:
	inferred   2 Adder/Subtractor(s).
	inferred   4 Latch(s).
	inferred   2 Comparator(s).
	inferred  35 Multiplexer(s).
Unit <ALU> synthesized.

=========================================================================
HDL Synthesis Report

Macro Statistics
# Adders/Subtractors                                   : 2
 5-bit adder                                           : 1
 5-bit subtractor                                      : 1
# Latches                                              : 4
 1-bit latch                                           : 4
# Comparators                                          : 2
 5-bit comparator greater                              : 2
# Multiplexers                                         : 35
 1-bit 2-to-1 multiplexer                              : 34
 5-bit 12-to-1 multiplexer                             : 1
# Xors                                                 : 2
 5-bit xor2                                            : 2

=========================================================================

=========================================================================
*                       Advanced HDL Synthesis                          *
=========================================================================


=========================================================================
Advanced HDL Synthesis Report

Macro Statistics
# Adders/Subtractors                                   : 2
 5-bit adder                                           : 1
 5-bit subtractor                                      : 1
# Comparators                                          : 2
 5-bit comparator greater                              : 2
# Multiplexers                                         : 35
 1-bit 2-to-1 multiplexer                              : 34
 5-bit 12-to-1 multiplexer                             : 1
# Xors                                                 : 2
 5-bit xor2                                            : 2

=========================================================================

=========================================================================
*                         Low Level Synthesis                           *
=========================================================================

Optimizing unit <ALU> ...

Mapping all equations...
Building and optimizing final netlist ...
Found area constraint ratio of 100 (+ 5) on block ALU, actual ratio is 0.

Final Macro Processing ...

=========================================================================
Final Register Report

Found no macro
=========================================================================

=========================================================================
*                           Partition Report                            *
=========================================================================

Partition Implementation Status
-------------------------------

  No Partitions were found in this design.

-------------------------------

=========================================================================
*                            Design Summary                             *
=========================================================================

Top Level Output File Name         : ALU.ngc

Primitive and Black Box Usage:
------------------------------
# BELS                             : 40
#      LUT2                        : 4
#      LUT3                        : 5
#      LUT4                        : 1
#      LUT5                        : 5
#      LUT6                        : 22
#      MUXF7                       : 3
# FlipFlops/Latches                : 4
#      LD                          : 4
# IO Buffers                       : 19
#      IBUF                        : 14
#      OBUF                        : 5

Device utilization summary:
---------------------------

Selected Device : 7a100tcsg324-3 


Slice Logic Utilization: 
 Number of Slice LUTs:                   37  out of  63400     0%  
    Number used as Logic:                37  out of  63400     0%  

Slice Logic Distribution: 
 Number of LUT Flip Flop pairs used:     37
   Number with an unused Flip Flop:      37  out of     37   100%  
   Number with an unused LUT:             0  out of     37     0%  
   Number of fully used LUT-FF pairs:     0  out of     37     0%  
   Number of unique control sets:         1

IO Utilization: 
 Number of IOs:                          19
 Number of bonded IOBs:                  19  out of    210     9%  
    IOB Flip Flops/Latches:               4

Specific Feature Utilization:

---------------------------
Partition Resource Summary:
---------------------------

  No Partitions were found in this design.

---------------------------


=========================================================================
Timing Report

NOTE: THESE TIMING NUMBERS ARE ONLY A SYNTHESIS ESTIMATE.
      FOR ACCURATE TIMING INFORMATION PLEASE REFER TO THE TRACE REPORT
      GENERATED AFTER PLACE-and-ROUTE.

Clock Information:
------------------
---------------------------------------------------+------------------------+-------+
Clock Signal                                       | Clock buffer(FF name)  | Load  |
---------------------------------------------------+------------------------+-------+
Sel[3]_PWR_6_o_Mux_11_o(Sel[3]_PWR_6_o_Mux_11_o1:O)| NONE(*)(result_4)      | 4     |
---------------------------------------------------+------------------------+-------+
(*) This 1 clock signal(s) are generated by combinatorial logic,
and XST is not able to identify which are the primary clock signals.
Please use the CLOCK_SIGNAL constraint to specify the clock signal(s) generated by combinatorial logic.
INFO:Xst:2169 - HDL ADVISOR - Some clock signals were not automatically buffered by XST with BUFG/BUFR resources. Please use the buffer_type constraint in order to insert these buffers to the clock signals to help prevent skew problems.

Asynchronous Control Signals Information:
----------------------------------------
No asynchronous control signals found in this design

Timing Summary:
---------------
Speed Grade: -3

   Minimum period: No path found
   Minimum input arrival time before clock: 2.568ns
   Maximum output required time after clock: 0.751ns
   Maximum combinational path delay: 3.436ns

Timing Details:
---------------
All values displayed in nanoseconds (ns)

=========================================================================
Timing constraint: Default OFFSET IN BEFORE for Clock 'Sel[3]_PWR_6_o_Mux_11_o'
  Total number of paths / destination ports: 153 / 4
-------------------------------------------------------------------------
Offset:              2.568ns (Levels of Logic = 5)
  Source:            Sel<1> (PAD)
  Destination:       result_1 (LATCH)
  Destination Clock: Sel[3]_PWR_6_o_Mux_11_o falling

  Data Path: Sel<1> to result_1
                                Gate     Net
    Cell:in->out      fanout   Delay   Delay  Logical Name (Net Name)
    ----------------------------------------  ------------
     IBUF:I->O            17   0.001   0.585  Sel_1_IBUF (Sel_1_IBUF)
     LUT3:I0->O            3   0.097   0.521  Mmux_Sel[3]_A[1]_Mux_16_o121 (Mmux_Sel[3]_A[1]_Mux_16_o12)
     LUT5:I2->O            1   0.097   0.693  Mmux_Sel[3]_A[1]_Mux_16_o23 (Mmux_Sel[3]_A[1]_Mux_16_o22)
     LUT6:I0->O            1   0.097   0.379  Mmux_Sel[3]_A[1]_Mux_16_o26_SW0 (N4)
     LUT6:I4->O            1   0.097   0.000  Mmux_Sel[3]_A[1]_Mux_16_o26 (Sel[3]_A[1]_Mux_16_o)
     LD:D                     -0.028          result_1
    ----------------------------------------
    Total                      2.568ns (0.389ns logic, 2.179ns route)
                                       (15.1% logic, 84.9% route)

=========================================================================
Timing constraint: Default OFFSET OUT AFTER for Clock 'Sel[3]_PWR_6_o_Mux_11_o'
  Total number of paths / destination ports: 4 / 4
-------------------------------------------------------------------------
Offset:              0.751ns (Levels of Logic = 1)
  Source:            result_4 (LATCH)
  Destination:       result<4> (PAD)
  Source Clock:      Sel[3]_PWR_6_o_Mux_11_o falling

  Data Path: result_4 to result<4>
                                Gate     Net
    Cell:in->out      fanout   Delay   Delay  Logical Name (Net Name)
    ----------------------------------------  ------------
     LD:G->Q               1   0.472   0.279  result_4 (result_4)
     OBUF:I->O                 0.000          result_4_OBUF (result<4>)
    ----------------------------------------
    Total                      0.751ns (0.472ns logic, 0.279ns route)
                                       (62.8% logic, 37.2% route)

=========================================================================
Timing constraint: Default path analysis
  Total number of paths / destination ports: 57 / 1
-------------------------------------------------------------------------
Delay:               3.436ns (Levels of Logic = 7)
  Source:            B<2> (PAD)
  Destination:       result<0> (PAD)

  Data Path: B<2> to result<0>
                                Gate     Net
    Cell:in->out      fanout   Delay   Delay  Logical Name (Net Name)
    ----------------------------------------  ------------
     IBUF:I->O             8   0.001   0.725  B_2_IBUF (B_2_IBUF)
     LUT6:I0->O            3   0.097   0.703  greater1 (greater1)
     LUT6:I0->O            1   0.097   0.379  Mmux_equal11 (equal)
     LUT6:I4->O            1   0.097   0.683  Mmux_result_71 (Mmux_result_71)
     LUT5:I0->O            1   0.097   0.000  Sel<3>1_F (N8)
     MUXF7:I0->O           1   0.277   0.279  Sel<3>1 (result_0_OBUF)
     OBUF:I->O                 0.000          result_0_OBUF (result<0>)
    ----------------------------------------
    Total                      3.436ns (0.666ns logic, 2.770ns route)
                                       (19.4% logic, 80.6% route)

=========================================================================

Cross Clock Domains Report:
--------------------------

=========================================================================


Total REAL time to Xst completion: 7.00 secs
Total CPU time to Xst completion: 6.52 secs
 
--> 

Total memory usage is 356220 kilobytes

Number of errors   :    0 (   0 filtered)
Number of warnings :    7 (   0 filtered)
Number of infos    :    1 (   0 filtered)

