Release 14.7 - xst P.20131013 (nt)
Copyright (c) 1995-2013 Xilinx, Inc.  All rights reserved.
--> Parameter TMPDIR set to xst/projnav.tmp


Total REAL time to Xst completion: 0.00 secs
Total CPU time to Xst completion: 0.11 secs
 
--> Parameter xsthdpdir set to xst


Total REAL time to Xst completion: 0.00 secs
Total CPU time to Xst completion: 0.11 secs
 
--> Reading design: Full_Adder_128bit.prj

TABLE OF CONTENTS
  1) Synthesis Options Summary
  2) HDL Parsing
  3) HDL Elaboration
  4) HDL Synthesis
       4.1) HDL Synthesis Report
  5) Advanced HDL Synthesis
       5.1) Advanced HDL Synthesis Report
  6) Low Level Synthesis
  7) Partition Report
  8) Design Summary
       8.1) Primitive and Black Box Usage
       8.2) Device utilization summary
       8.3) Partition Resource Summary
       8.4) Timing Report
            8.4.1) Clock Information
            8.4.2) Asynchronous Control Signals Information
            8.4.3) Timing Summary
            8.4.4) Timing Details
            8.4.5) Cross Clock Domains Report


=========================================================================
*                      Synthesis Options Summary                        *
=========================================================================
---- Source Parameters
Input File Name                    : "Full_Adder_128bit.prj"
Ignore Synthesis Constraint File   : NO

---- Target Parameters
Output File Name                   : "Full_Adder_128bit"
Output Format                      : NGC
Target Device                      : xc7a100t-3-csg324

---- Source Options
Top Module Name                    : Full_Adder_128bit
Automatic FSM Extraction           : YES
FSM Encoding Algorithm             : Auto
Safe Implementation                : No
FSM Style                          : LUT
RAM Extraction                     : Yes
RAM Style                          : Auto
ROM Extraction                     : Yes
Shift Register Extraction          : YES
ROM Style                          : Auto
Resource Sharing                   : YES
Asynchronous To Synchronous        : NO
Shift Register Minimum Size        : 2
Use DSP Block                      : Auto
Automatic Register Balancing       : No

---- Target Options
LUT Combining                      : Auto
Reduce Control Sets                : Auto
Add IO Buffers                     : YES
Global Maximum Fanout              : 100000
Add Generic Clock Buffer(BUFG)     : 32
Register Duplication               : YES
Optimize Instantiated Primitives   : NO
Use Clock Enable                   : Auto
Use Synchronous Set                : Auto
Use Synchronous Reset              : Auto
Pack IO Registers into IOBs        : Auto
Equivalent register Removal        : YES

---- General Options
Optimization Goal                  : Speed
Optimization Effort                : 1
Power Reduction                    : NO
Keep Hierarchy                     : No
Netlist Hierarchy                  : As_Optimized
RTL Output                         : Yes
Global Optimization                : AllClockNets
Read Cores                         : YES
Write Timing Constraints           : NO
Cross Clock Analysis               : NO
Hierarchy Separator                : /
Bus Delimiter                      : <>
Case Specifier                     : Maintain
Slice Utilization Ratio            : 100
BRAM Utilization Ratio             : 100
DSP48 Utilization Ratio            : 100
Auto BRAM Packing                  : NO
Slice Utilization Ratio Delta      : 5

=========================================================================


=========================================================================
*                          HDL Parsing                                  *
=========================================================================
Parsing VHDL file "C:/Windows/System32/Full_adder/Full_adder.vhd" into library work
Parsing entity <Full_adder>.
Parsing architecture <Behavioral> of entity <full_adder>.
Parsing VHDL file "D:\Full_Adder_128bit\Full_Adder_128bit.vhd" into library work
Parsing entity <Full_Adder_128bit>.
Parsing architecture <Behavioral> of entity <full_adder_128bit>.

=========================================================================
*                            HDL Elaboration                            *
=========================================================================

Elaborating entity <Full_Adder_128bit> (architecture <Behavioral>) with generics from library <work>.

Elaborating entity <Full_adder> (architecture <Behavioral>) from library <work>.

=========================================================================
*                           HDL Synthesis                               *
=========================================================================

Synthesizing Unit <Full_Adder_128bit>.
    Related source file is "D:\Full_Adder_128bit\Full_Adder_128bit.vhd".
        n = 128
    Summary:
	no macro.
Unit <Full_Adder_128bit> synthesized.

Synthesizing Unit <Full_adder>.
    Related source file is "C:/Windows/System32/Full_adder/Full_adder.vhd".
    Summary:
Unit <Full_adder> synthesized.

=========================================================================
HDL Synthesis Report

Macro Statistics
# Xors                                                 : 256
 1-bit xor2                                            : 256

=========================================================================

=========================================================================
*                       Advanced HDL Synthesis                          *
=========================================================================


=========================================================================
Advanced HDL Synthesis Report

Macro Statistics
# Xors                                                 : 256
 1-bit xor2                                            : 256

=========================================================================

=========================================================================
*                         Low Level Synthesis                           *
=========================================================================

Optimizing unit <Full_Adder_128bit> ...

Mapping all equations...
Building and optimizing final netlist ...
Found area constraint ratio of 100 (+ 5) on block Full_Adder_128bit, actual ratio is 0.

Final Macro Processing ...

=========================================================================
Final Register Report

Found no macro
=========================================================================

=========================================================================
*                           Partition Report                            *
=========================================================================

Partition Implementation Status
-------------------------------

  No Partitions were found in this design.

-------------------------------

=========================================================================
*                            Design Summary                             *
=========================================================================

Top Level Output File Name         : Full_Adder_128bit.ngc

Primitive and Black Box Usage:
------------------------------
# BELS                             : 192
#      LUT3                        : 64
#      LUT5                        : 128
# IO Buffers                       : 386
#      IBUF                        : 257
#      OBUF                        : 129

Device utilization summary:
---------------------------

Selected Device : 7a100tcsg324-3 


Slice Logic Utilization: 
 Number of Slice LUTs:                  192  out of  63400     0%  
    Number used as Logic:               192  out of  63400     0%  

Slice Logic Distribution: 
 Number of LUT Flip Flop pairs used:    192
   Number with an unused Flip Flop:     192  out of    192   100%  
   Number with an unused LUT:             0  out of    192     0%  
   Number of fully used LUT-FF pairs:     0  out of    192     0%  
   Number of unique control sets:         0

IO Utilization: 
 Number of IOs:                         386
 Number of bonded IOBs:                 386  out of    210   183% (*) 

Specific Feature Utilization:

WARNING:Xst:1336 -  (*) More than 100% of Device resources are used

---------------------------
Partition Resource Summary:
---------------------------

  No Partitions were found in this design.

---------------------------


=========================================================================
Timing Report

NOTE: THESE TIMING NUMBERS ARE ONLY A SYNTHESIS ESTIMATE.
      FOR ACCURATE TIMING INFORMATION PLEASE REFER TO THE TRACE REPORT
      GENERATED AFTER PLACE-and-ROUTE.

Clock Information:
------------------
No clock signals found in this design

Asynchronous Control Signals Information:
----------------------------------------
No asynchronous control signals found in this design

Timing Summary:
---------------
Speed Grade: -3

   Minimum period: No path found
   Minimum input arrival time before clock: No path found
   Maximum output required time after clock: No path found
   Maximum combinational path delay: 31.689ns

Timing Details:
---------------
All values displayed in nanoseconds (ns)

=========================================================================
Timing constraint: Default path analysis
  Total number of paths / destination ports: 16897 / 129
-------------------------------------------------------------------------
Delay:               31.689ns (Levels of Logic = 66)
  Source:            A<1> (PAD)
  Destination:       Output<128> (PAD)

  Data Path: A<1> to Output<128>
                                Gate     Net
    Cell:in->out      fanout   Delay   Delay  Logical Name (Net Name)
    ----------------------------------------  ------------
     IBUF:I->O             2   0.001   0.688  A_1_IBUF (A_1_IBUF)
     LUT5:I0->O            3   0.097   0.389  loop1[1].F_A/Cout1 (Sig<2>)
     LUT5:I3->O            3   0.097   0.389  loop1[3].F_A/Cout1 (Sig<4>)
     LUT5:I3->O            3   0.097   0.389  loop1[5].F_A/Cout1 (Sig<6>)
     LUT5:I3->O            3   0.097   0.389  loop1[7].F_A/Cout1 (Sig<8>)
     LUT5:I3->O            3   0.097   0.389  loop1[9].F_A/Cout1 (Sig<10>)
     LUT5:I3->O            3   0.097   0.389  loop1[11].F_A/Cout1 (Sig<12>)
     LUT5:I3->O            3   0.097   0.389  loop1[13].F_A/Cout1 (Sig<14>)
     LUT5:I3->O            3   0.097   0.389  loop1[15].F_A/Cout1 (Sig<16>)
     LUT5:I3->O            3   0.097   0.389  loop1[17].F_A/Cout1 (Sig<18>)
     LUT5:I3->O            3   0.097   0.389  loop1[19].F_A/Cout1 (Sig<20>)
     LUT5:I3->O            3   0.097   0.389  loop1[21].F_A/Cout1 (Sig<22>)
     LUT5:I3->O            3   0.097   0.389  loop1[23].F_A/Cout1 (Sig<24>)
     LUT5:I3->O            3   0.097   0.389  loop1[25].F_A/Cout1 (Sig<26>)
     LUT5:I3->O            3   0.097   0.389  loop1[27].F_A/Cout1 (Sig<28>)
     LUT5:I3->O            3   0.097   0.389  loop1[29].F_A/Cout1 (Sig<30>)
     LUT5:I3->O            3   0.097   0.389  loop1[31].F_A/Cout1 (Sig<32>)
     LUT5:I3->O            3   0.097   0.389  loop1[33].F_A/Cout1 (Sig<34>)
     LUT5:I3->O            3   0.097   0.389  loop1[35].F_A/Cout1 (Sig<36>)
     LUT5:I3->O            3   0.097   0.389  loop1[37].F_A/Cout1 (Sig<38>)
     LUT5:I3->O            3   0.097   0.389  loop1[39].F_A/Cout1 (Sig<40>)
     LUT5:I3->O            3   0.097   0.389  loop1[41].F_A/Cout1 (Sig<42>)
     LUT5:I3->O            3   0.097   0.389  loop1[43].F_A/Cout1 (Sig<44>)
     LUT5:I3->O            3   0.097   0.389  loop1[45].F_A/Cout1 (Sig<46>)
     LUT5:I3->O            3   0.097   0.389  loop1[47].F_A/Cout1 (Sig<48>)
     LUT5:I3->O            3   0.097   0.389  loop1[49].F_A/Cout1 (Sig<50>)
     LUT5:I3->O            3   0.097   0.389  loop1[51].F_A/Cout1 (Sig<52>)
     LUT5:I3->O            3   0.097   0.389  loop1[53].F_A/Cout1 (Sig<54>)
     LUT5:I3->O            3   0.097   0.389  loop1[55].F_A/Cout1 (Sig<56>)
     LUT5:I3->O            3   0.097   0.389  loop1[57].F_A/Cout1 (Sig<58>)
     LUT5:I3->O            3   0.097   0.389  loop1[59].F_A/Cout1 (Sig<60>)
     LUT5:I3->O            3   0.097   0.389  loop1[61].F_A/Cout1 (Sig<62>)
     LUT5:I3->O            3   0.097   0.389  loop1[63].F_A/Cout1 (Sig<64>)
     LUT5:I3->O            3   0.097   0.389  loop1[65].F_A/Cout1 (Sig<66>)
     LUT5:I3->O            3   0.097   0.389  loop1[67].F_A/Cout1 (Sig<68>)
     LUT5:I3->O            3   0.097   0.389  loop1[69].F_A/Cout1 (Sig<70>)
     LUT5:I3->O            3   0.097   0.389  loop1[71].F_A/Cout1 (Sig<72>)
     LUT5:I3->O            3   0.097   0.389  loop1[73].F_A/Cout1 (Sig<74>)
     LUT5:I3->O            3   0.097   0.389  loop1[75].F_A/Cout1 (Sig<76>)
     LUT5:I3->O            3   0.097   0.389  loop1[77].F_A/Cout1 (Sig<78>)
     LUT5:I3->O            3   0.097   0.389  loop1[79].F_A/Cout1 (Sig<80>)
     LUT5:I3->O            3   0.097   0.389  loop1[81].F_A/Cout1 (Sig<82>)
     LUT5:I3->O            3   0.097   0.389  loop1[83].F_A/Cout1 (Sig<84>)
     LUT5:I3->O            3   0.097   0.389  loop1[85].F_A/Cout1 (Sig<86>)
     LUT5:I3->O            3   0.097   0.389  loop1[87].F_A/Cout1 (Sig<88>)
     LUT5:I3->O            3   0.097   0.389  loop1[89].F_A/Cout1 (Sig<90>)
     LUT5:I3->O            3   0.097   0.389  loop1[91].F_A/Cout1 (Sig<92>)
     LUT5:I3->O            3   0.097   0.389  loop1[93].F_A/Cout1 (Sig<94>)
     LUT5:I3->O            3   0.097   0.389  loop1[95].F_A/Cout1 (Sig<96>)
     LUT5:I3->O            3   0.097   0.389  loop1[97].F_A/Cout1 (Sig<98>)
     LUT5:I3->O            3   0.097   0.389  loop1[99].F_A/Cout1 (Sig<100>)
     LUT5:I3->O            3   0.097   0.389  loop1[101].F_A/Cout1 (Sig<102>)
     LUT5:I3->O            3   0.097   0.389  loop1[103].F_A/Cout1 (Sig<104>)
     LUT5:I3->O            3   0.097   0.389  loop1[105].F_A/Cout1 (Sig<106>)
     LUT5:I3->O            3   0.097   0.389  loop1[107].F_A/Cout1 (Sig<108>)
     LUT5:I3->O            3   0.097   0.389  loop1[109].F_A/Cout1 (Sig<110>)
     LUT5:I3->O            3   0.097   0.389  loop1[111].F_A/Cout1 (Sig<112>)
     LUT5:I3->O            3   0.097   0.389  loop1[113].F_A/Cout1 (Sig<114>)
     LUT5:I3->O            3   0.097   0.389  loop1[115].F_A/Cout1 (Sig<116>)
     LUT5:I3->O            3   0.097   0.389  loop1[117].F_A/Cout1 (Sig<118>)
     LUT5:I3->O            3   0.097   0.389  loop1[119].F_A/Cout1 (Sig<120>)
     LUT5:I3->O            3   0.097   0.389  loop1[121].F_A/Cout1 (Sig<122>)
     LUT5:I3->O            3   0.097   0.389  loop1[123].F_A/Cout1 (Sig<124>)
     LUT5:I3->O            3   0.097   0.389  loop1[125].F_A/Cout1 (Sig<126>)
     LUT5:I3->O            1   0.097   0.279  loop1[127].F_A/Cout1 (Output_128_OBUF)
     OBUF:I->O                 0.000          Output_128_OBUF (Output<128>)
    ----------------------------------------
    Total                     31.689ns (6.209ns logic, 25.480ns route)
                                       (19.6% logic, 80.4% route)

=========================================================================

Cross Clock Domains Report:
--------------------------

=========================================================================


Total REAL time to Xst completion: 8.00 secs
Total CPU time to Xst completion: 7.54 secs
 
--> 

Total memory usage is 298828 kilobytes

Number of errors   :    0 (   0 filtered)
Number of warnings :    1 (   0 filtered)
Number of infos    :    0 (   0 filtered)

